[INFO] 04:57:49:462 File system/(141256:141256): IP de la memoria: 127.0.0.1
[INFO] 04:57:49:462 File system/(141256:141256): Puerto de la memoria: 127.0.0.1
[INFO] 18:06:59:139 File system/(144183:144183): IP de la memoria: 127.0.0.1
[INFO] 18:06:59:139 File system/(144183:144183): Puerto de la memoria: 8002
[INFO] 17:44:16:919 File system/(145562:145562): IP de la memoria: 127.0.0.1
[INFO] 17:44:16:920 File system/(145562:145562): Puerto de la memoria: 8002
[INFO] 17:44:23:539 File system/(145564:145564): IP de la memoria: 127.0.0.1
[INFO] 17:44:23:539 File system/(145564:145564): Puerto de la memoria: 8002
[INFO] 18:17:01:108 File system/(145683:145683): IP de la memoria: 127.0.0.1
[INFO] 18:17:01:108 File system/(145683:145683): Puerto de la memoria: 8002
[INFO] 18:17:07:708 File system/(145688:145688): IP de la memoria: 127.0.0.1
[INFO] 18:17:07:708 File system/(145688:145688): Puerto de la memoria: 8002
[INFO] 18:17:31:829 File system/(145734:145734): IP de la memoria: 127.0.0.1
[INFO] 18:17:31:829 File system/(145734:145734): Puerto de la memoria: 8002
[INFO] 18:17:31:829 File system/(145734:145734): Conexion con la memoria establecida correctamente
[INFO] 18:17:40:298 File system/(145735:145735): IP de la memoria: 127.0.0.1
[INFO] 18:17:40:299 File system/(145735:145735): Puerto de la memoria: 8002
[INFO] 18:17:40:299 File system/(145735:145735): Conexion con la memoria establecida correctamente
[INFO] 18:46:38:995 File system/(146567:146567): Conexion con la memoria establecida correctamente
[INFO] 19:03:25:166 File system/(146646:146646): Conexion con la memoria establecida correctamente
[INFO] 19:05:58:188 File system/(146710:146710): Conexion con la memoria establecida correctamente
[INFO] 19:12:39:402 File system/(146787:146787): Conexion con la memoria establecida correctamente
[INFO] 19:15:11:293 File system/(147027:147027): Conexion con la memoria establecida correctamente
[INFO] 19:57:28:172 File system/(147691:147691): Conexion con la memoria establecida correctamente
[INFO] 20:03:45:175 File system/(147863:147863): Conexion con la memoria establecida correctamente
[INFO] 20:03:45:175 File system/(147863:147863): File system listo para recibir al Kernel
[INFO] 20:05:59:648 File system/(148092:148092): Conexion con la memoria establecida correctamente
[INFO] 20:06:40:267 File system/(148249:148249): Conexion con la memoria establecida correctamente
[INFO] 20:13:33:261 File system/(148369:148369): Conexion con la memoria establecida correctamente
[INFO] 02:57:25:472 File system/(149225:149225): Conexion con la memoria establecida correctamente
[INFO] 15:23:26:551 File system/(149527:149527): Conexion con la memoria establecida correctamente
[INFO] 15:25:13:321 File system/(149674:149674): Conexion con la memoria establecida correctamente
[INFO] 15:32:12:230 File system/(149811:149811): Conexion con la memoria establecida correctamente
[INFO] 15:48:54:011 File system/(149913:149913): Conexion con la memoria establecida correctamente
[INFO] 17:06:36:940 File system/(150185:150185): Conexion con la memoria establecida correctamente
[INFO] 17:08:00:521 File system/(150304:150304): Conexion con la memoria establecida correctamente
[INFO] 17:08:03:790 File system/(150307:150307): Conexion con la memoria establecida correctamente
[INFO] 17:30:55:004 File system/(2188:2188): Conexion con la memoria establecida correctamente
[INFO] 17:31:40:276 File system/(2265:2265): Conexion con la memoria establecida correctamente
[INFO] 17:39:36:415 File system/(2735:2735): Conexion con la memoria establecida correctamente
[INFO] 17:39:36:418 File system/(2735:2735): File system listo para recibir al Kernel
[INFO] 18:02:57:671 File system/(3230:3230): Valores de configuracion leidos correctamente
[INFO] 18:02:57:675 File system/(3230:3230): Conexion con la memoria establecida correctamente
[INFO] 18:02:57:677 File system/(3230:3230): File system listo para recibir al Kernel
[INFO] 18:03:43:346 File system/(3317:3317): Valores de configuracion leidos correctamente
[INFO] 18:03:43:347 File system/(3317:3317): Conexion con la memoria establecida correctamente
[INFO] 18:03:43:347 File system/(3317:3317): File system listo para recibir al Kernel
[INFO] 18:05:55:269 File system/(3362:3362): Valores de configuracion leidos correctamente
[INFO] 18:05:55:273 File system/(3362:3362): Conexion con la memoria establecida correctamente
[INFO] 18:05:55:278 File system/(3362:3362): File system listo para recibir al Kernel
