[INFO] 23:27:43:396 Memoria/(1989:1989): Memoria lista para recibir al CPU
[INFO] 23:38:06:760 Memoria/(2377:2377): Memoria lista para recibir al CPU
[INFO] 23:39:02:438 Memoria/(2446:2446): Memoria lista para recibir al CPU
[INFO] 23:39:19:281 Memoria/(2484:2484): Memoria lista para recibir al CPU
[INFO] 23:39:35:753 Memoria/(2508:2508): Memoria lista para recibir al CPU
[INFO] 11:43:36:572 Memoria/(2006:2006): Memoria lista para recibir al CPU, Kernel o File System
[INFO] 11:51:01:479 Memoria/(2260:2260): Memoria lista para recibir al CPU, Kernel o File System
[INFO] 11:51:44:376 Memoria/(2313:2313): 8002
[INFO] 11:51:44:376 Memoria/(2313:2313): Memoria lista para recibir al CPU, Kernel o File System
[INFO] 13:47:43:746 Memoria/(6283:6283): Memoria lista para recibir al CPU, Kernel o File System
[INFO] 13:52:27:604 Memoria/(6283:6283): Se conecto un cliente!
[ERROR] 13:52:57:367 Memoria/(6283:6283): el cliente se desconecto. Terminando servidor
[INFO] 18:06:57:559 Memoria/(144182:144182): Memoria lista para recibir al CPU, Kernel o File System
[INFO] 18:06:59:139 Memoria/(144182:144182): Se conecto un cliente!
[ERROR] 18:07:06:577 Memoria/(144182:144182): el cliente se desconecto. Terminando servidor
[INFO] 17:44:19:619 Memoria/(145563:145563): Memoria lista para recibir al CPU, Kernel o File System
[INFO] 17:44:23:539 Memoria/(145563:145563): Se conecto un cliente!
[INFO] 18:17:04:138 Memoria/(145687:145687): Memoria lista para recibir al CPU, Kernel o File System
[INFO] 18:17:07:708 Memoria/(145687:145687): Se conecto un cliente!
[ERROR] 18:17:15:707 Memoria/(145687:145687): el cliente se desconecto. Terminando servidor
[INFO] 18:17:17:371 Memoria/(145689:145689): Memoria lista para recibir al CPU, Kernel o File System
[INFO] 18:17:31:829 Memoria/(145689:145689): Se conecto un cliente!
[INFO] 17:06:34:939 Memoria/(150184:150184): Memoria lista para recibir al CPU, Kernel o File System
[INFO] 17:06:36:939 Memoria/(150184:150184): Se conecto un cliente!
[ERROR] 17:06:37:058 Memoria/(150184:150184): el cliente se desconecto. Terminando servidor
[INFO] 17:08:02:200 Memoria/(150306:150306): Memoria lista para recibir al CPU, Kernel o File System
[INFO] 17:08:03:790 Memoria/(150306:150306): Se conecto un cliente!
[ERROR] 17:08:03:911 Memoria/(150306:150306): el cliente se desconecto. Terminando servidor
