02:03:04 **** Clean-only build of configuration Debug for project server ****
make clean 
rm -rf ./src/server.d ./src/server.o ./src/utils.d ./src/utils.o
rm -rf server
 
02:03:07 **** Build of configuration Debug for project server ****
make all 
Building file: ../src/server.c
Invoking: GCC C Compiler
gcc -O0 -g3 -Wall -c -fmessage-length=0 -MMD -MP -MF"src/server.d" -MT"src/server.o" -o "src/server.o" "../src/server.c"
Finished building: ../src/server.c
 
Building file: ../src/utils.c
Invoking: GCC C Compiler
gcc -O0 -g3 -Wall -c -fmessage-length=0 -MMD -MP -MF"src/utils.d" -MT"src/utils.o" -o "src/utils.o" "../src/utils.c"
../src/utils.c: In function ‘iniciar_servidor’:
../src/utils.c:22:45: warning: left-hand operand of comma expression has no effect [-Wunused-value]
   22 |         socket_servidor=(servinfo->ai_family,servinfo->ai_socktype,servinfo->ai_protocol);
      |                                             ^
../src/utils.c:22:67: warning: left-hand operand of comma expression has no effect [-Wunused-value]
   22 |         socket_servidor=(servinfo->ai_family,servinfo->ai_socktype,servinfo->ai_protocol);
      |                                                                   ^
../src/utils.c:12:44: warning: unused variable ‘p’ [-Wunused-variable]
   12 |         struct addrinfo hints, *servinfo, *p;
      |                                            ^
Finished building: ../src/utils.c
 
Building target: server
Invoking: GCC C Linker
gcc  -o "server" ./src/server.o ./src/utils.o    -lcommons
Finished building target: server
 
02:03:14 **** Incremental Build of configuration Debug for project server ****
make all 
make: Nothing to be done for 'all'.
02:03:18 **** Clean-only build of configuration Debug for project client ****
make clean 
rm -rf ./src/client.d ./src/client.o ./src/utils.d ./src/utils.o
rm -rf client
 
02:03:21 **** Build of configuration Debug for project client ****
make all 
Building file: ../src/client.c
Invoking: GCC C Compiler
gcc -O0 -g3 -Wall -c -fmessage-length=0 -MMD -MP -MF"src/client.d" -MT"src/client.o" -o "src/client.o" "../src/client.c"
../src/client.c: In function ‘leer_consola’:
../src/client.c:95:9: warning: format not a string literal and no format arguments [-Wformat-security]
   95 |         log_info(logger,leido);
      |         ^~~~~~~~
Finished building: ../src/client.c
 
Building file: ../src/utils.c
Invoking: GCC C Compiler
gcc -O0 -g3 -Wall -c -fmessage-length=0 -MMD -MP -MF"src/utils.d" -MT"src/utils.o" -o "src/utils.o" "../src/utils.c"
Finished building: ../src/utils.c
 
Building target: client
Invoking: GCC C Linker
gcc  -o "client" ./src/client.o ./src/utils.o    -lcommons -lreadline
Finished building target: client
 
